# JRE version: Java(TM) SE Runtime Environment (8.0_25-b18) (build 1.8.0_25-b18)
# Java VM: Java HotSpot(TM) 64-Bit Server VM (25.25-b02 mixed mode windows-amd64 compressed oops)
Heap:
 PSYoungGen      total 40960K, used 15287K [0x00000007bc400000, 0x00000007c0000000, 0x00000007c0000000)
  eden space 20480K, 73% used [0x00000007bc400000,0x00000007bd29df88,0x00000007bd800000)
  from space 20480K, 1% used [0x00000007bec00000,0x00000007bec50000,0x00000007c0000000)
  to   space 20480K, 0% used [0x00000007bd800000,0x00000007bd800000,0x00000007bec00000)
 ParOldGen       total 152064K, used 76864K [0x0000000700000000, 0x0000000709480000, 0x00000007bc400000)
  object space 152064K, 50% used [0x0000000700000000,0x0000000704b100e8,0x0000000709480000)
 Metaspace       used 67637K, capacity 68085K, committed 68736K, reserved 1107968K
  class space    used 9901K, capacity 10001K, committed 10112K, reserved 1048576K
GC Heap History (10 events):
Event: 1642.726 GC heap before
{Heap before GC invocations=106 (full 9):
 PSYoungGen      total 40960K, used 24576K [0x00000007bc400000, 0x00000007c0000000, 0x00000007c0000000)
  eden space 20480K, 100% used [0x00000007bc400000,0x00000007bd800000,0x00000007bd800000)
  from space 20480K, 20% used [0x00000007bec00000,0x00000007bf000000,0x00000007c0000000)
  to   space 20480K, 0% used [0x00000007bd800000,0x00000007bd800000,0x00000007bec00000)
 ParOldGen       total 152064K, used 77771K [0x0000000700000000, 0x0000000709480000, 0x00000007bc400000)
  object space 152064K, 51% used [0x0000000700000000,0x0000000704bf2d20,0x0000000709480000)
 Metaspace       used 67350K, capacity 67797K, committed 68352K, reserved 1107968K
  class space    used 9889K, capacity 9969K, committed 9984K, reserved 1048576K
Event: 1642.732 GC heap after
Heap after GC invocations=106 (full 9):
 PSYoungGen      total 40960K, used 2624K [0x00000007bc400000, 0x00000007c0000000, 0x00000007c0000000)
  eden space 20480K, 0% used [0x00000007bc400000,0x00000007bc400000,0x00000007bd800000)
  from space 20480K, 12% used [0x00000007bd800000,0x00000007bda90000,0x00000007bec00000)
  to   space 20480K, 0% used [0x00000007bec00000,0x00000007bec00000,0x00000007c0000000)
 ParOldGen       total 152064K, used 80379K [0x0000000700000000, 0x0000000709480000, 0x00000007bc400000)
  object space 152064K, 52% used [0x0000000700000000,0x0000000704e7ed60,0x0000000709480000)
 Metaspace       used 67350K, capacity 67797K, committed 68352K, reserved 1107968K
  class space    used 9889K, capacity 9969K, committed 9984K, reserved 1048576K
}
Event: 1642.824 GC heap before
{Heap before GC invocations=107 (full 9):
 PSYoungGen      total 40960K, used 7442K [0x00000007bc400000, 0x00000007c0000000, 0x00000007c0000000)
  eden space 20480K, 23% used [0x00000007bc400000,0x00000007bc8b4bf8,0x00000007bd800000)
  from space 20480K, 12% used [0x00000007bd800000,0x00000007bda90000,0x00000007bec00000)
  to   space 20480K, 0% used [0x00000007bec00000,0x00000007bec00000,0x00000007c0000000)
 ParOldGen       total 152064K, used 80379K [0x0000000700000000, 0x0000000709480000, 0x00000007bc400000)
  object space 152064K, 52% used [0x0000000700000000,0x0000000704e7ed60,0x0000000709480000)
 Metaspace       used 67377K, capacity 67797K, committed 68352K, reserved 1107968K
  class space    used 9891K, capacity 9969K, committed 9984K, reserved 1048576K
Event: 1642.830 GC heap after
Heap after GC invocations=107 (full 9):
 PSYoungGen      total 40960K, used 1632K [0x00000007bc400000, 0x00000007c0000000, 0x00000007c0000000)
  eden space 20480K, 0% used [0x00000007bc400000,0x00000007bc400000,0x00000007bd800000)
  from space 20480K, 7% used [0x00000007bec00000,0x00000007bed98000,0x00000007c0000000)
  to   space 20480K, 0% used [0x00000007bd800000,0x00000007bd800000,0x00000007bec00000)
 ParOldGen       total 152064K, used 81501K [0x0000000700000000, 0x0000000709480000, 0x00000007bc400000)
  object space 152064K, 53% used [0x0000000700000000,0x0000000704f97568,0x0000000709480000)
 Metaspace       used 67377K, capacity 67797K, committed 68352K, reserved 1107968K
  class space    used 9891K, capacity 9969K, committed 9984K, reserved 1048576K
}
Event: 1642.830 GC heap before
{Heap before GC invocations=108 (full 10):
 PSYoungGen      total 40960K, used 1632K [0x00000007bc400000, 0x00000007c0000000, 0x00000007c0000000)
  eden space 20480K, 0% used [0x00000007bc400000,0x00000007bc400000,0x00000007bd800000)
  from space 20480K, 7% used [0x00000007bec00000,0x00000007bed98000,0x00000007c0000000)
  to   space 20480K, 0% used [0x00000007bd800000,0x00000007bd800000,0x00000007bec00000)
 ParOldGen       total 152064K, used 81501K [0x0000000700000000, 0x0000000709480000, 0x00000007bc400000)
  object space 152064K, 53% used [0x0000000700000000,0x0000000704f97568,0x0000000709480000)
 Metaspace       used 67377K, capacity 67797K, committed 68352K, reserved 1107968K
  class space    used 9891K, capacity 9969K, committed 9984K, reserved 1048576K
Event: 1643.214 GC heap after
Heap after GC invocations=108 (full 10):
 PSYoungGen      total 40960K, used 0K [0x00000007bc400000, 0x00000007c0000000, 0x00000007c0000000)
  eden space 20480K, 0% used [0x00000007bc400000,0x00000007bc400000,0x00000007bd800000)
  from space 20480K, 0% used [0x00000007bec00000,0x00000007bec00000,0x00000007c0000000)
  to   space 20480K, 0% used [0x00000007bd800000,0x00000007bd800000,0x00000007bec00000)
 ParOldGen       total 152064K, used 76400K [0x0000000700000000, 0x0000000709480000, 0x00000007bc400000)
  object space 152064K, 50% used [0x0000000700000000,0x0000000704a9c2f8,0x0000000709480000)
 Metaspace       used 67377K, capacity 67797K, committed 68352K, reserved 1107968K
  class space    used 9891K, capacity 9969K, committed 9984K, reserved 1048576K
}
Event: 1643.493 GC heap before
{Heap before GC invocations=109 (full 10):
 PSYoungGen      total 40960K, used 20480K [0x00000007bc400000, 0x00000007c0000000, 0x00000007c0000000)
  eden space 20480K, 100% used [0x00000007bc400000,0x00000007bd800000,0x00000007bd800000)
  from space 20480K, 0% used [0x00000007bec00000,0x00000007bec00000,0x00000007c0000000)
  to   space 20480K, 0% used [0x00000007bd800000,0x00000007bd800000,0x00000007bec00000)
 ParOldGen       total 152064K, used 76400K [0x0000000700000000, 0x0000000709480000, 0x00000007bc400000)
  object space 152064K, 50% used [0x0000000700000000,0x0000000704a9c2f8,0x0000000709480000)
 Metaspace       used 67500K, capacity 67925K, committed 68608K, reserved 1107968K
  class space    used 9898K, capacity 9969K, committed 9984K, reserved 1048576K
Event: 1643.497 GC heap after
Heap after GC invocations=109 (full 10):
 PSYoungGen      total 40960K, used 1077K [0x00000007bc400000, 0x00000007c0000000, 0x00000007c0000000)
  eden space 20480K, 0% used [0x00000007bc400000,0x00000007bc400000,0x00000007bd800000)
  from space 20480K, 5% used [0x00000007bd800000,0x00000007bd90d460,0x00000007bec00000)
  to   space 20480K, 0% used [0x00000007bec00000,0x00000007bec00000,0x00000007c0000000)
 ParOldGen       total 152064K, used 76408K [0x0000000700000000, 0x0000000709480000, 0x00000007bc400000)
  object space 152064K, 50% used [0x0000000700000000,0x0000000704a9e2f8,0x0000000709480000)
 Metaspace       used 67500K, capacity 67925K, committed 68608K, reserved 1107968K
  class space    used 9898K, capacity 9969K, committed 9984K, reserved 1048576K
}
Event: 1643.772 GC heap before
{Heap before GC invocations=110 (full 10):
 PSYoungGen      total 40960K, used 21557K [0x00000007bc400000, 0x00000007c0000000, 0x00000007c0000000)
  eden space 20480K, 100% used [0x00000007bc400000,0x00000007bd800000,0x00000007bd800000)
  from space 20480K, 5% used [0x00000007bd800000,0x00000007bd90d460,0x00000007bec00000)
  to   space 20480K, 0% used [0x00000007bec00000,0x00000007bec00000,0x00000007c0000000)
 ParOldGen       total 152064K, used 76408K [0x0000000700000000, 0x0000000709480000, 0x00000007bc400000)
  object space 152064K, 50% used [0x0000000700000000,0x0000000704a9e2f8,0x0000000709480000)
 Metaspace       used 67537K, capacity 67925K, committed 68608K, reserved 1107968K
  class space    used 9898K, capacity 9969K, committed 9984K, reserved 1048576K
Event: 1643.775 GC heap after
Heap after GC invocations=110 (full 10):
 PSYoungGen      total 40960K, used 320K [0x00000007bc400000, 0x00000007c0000000, 0x00000007c0000000)
  eden space 20480K, 0% used [0x00000007bc400000,0x00000007bc400000,0x00000007bd800000)
  from space 20480K, 1% used [0x00000007bec00000,0x00000007bec50000,0x00000007c0000000)
  to   space 20480K, 0% used [0x00000007bd800000,0x00000007bd800000,0x00000007bec00000)
 ParOldGen       total 152064K, used 76864K [0x0000000700000000, 0x0000000709480000, 0x00000007bc400000)
  object space 152064K, 50% used [0x0000000700000000,0x0000000704b100e8,0x0000000709480000)
 Metaspace       used 67537K, capacity 67925K, committed 68608K, reserved 1107968K
  class space    used 9898K, capacity 9969K, committed 9984K, reserved 1048576K
}

