# JRE version: Java(TM) SE Runtime Environment (8.0_25-b18) (build 1.8.0_25-b18)
# Java VM: Java HotSpot(TM) 64-Bit Server VM (25.25-b02 mixed mode windows-amd64 compressed oops)
Heap:
 PSYoungGen      total 52736K, used 35479K [0x00000007bc400000, 0x00000007c0000000, 0x00000007c0000000)
  eden space 47616K, 64% used [0x00000007bc400000,0x00000007be21c8d8,0x00000007bf280000)
  from space 5120K, 90% used [0x00000007bf300000,0x00000007bf7895c0,0x00000007bf800000)
  to   space 7168K, 0% used [0x00000007bf900000,0x00000007bf900000,0x00000007c0000000)
 ParOldGen       total 134656K, used 77328K [0x0000000700000000, 0x0000000708380000, 0x00000007bc400000)
  object space 134656K, 57% used [0x0000000700000000,0x0000000704b840b8,0x0000000708380000)
 Metaspace       used 65486K, capacity 65999K, committed 66560K, reserved 1105920K
  class space    used 9042K, capacity 9142K, committed 9216K, reserved 1048576K
GC Heap History (10 events):
Event: 8326.822 GC heap before
{Heap before GC invocations=2073 (full 556):
 PSYoungGen      total 54784K, used 52795K [0x00000007bc400000, 0x00000007c0000000, 0x00000007c0000000)
  eden space 49152K, 100% used [0x00000007bc400000,0x00000007bf400000,0x00000007bf400000)
  from space 5632K, 64% used [0x00000007bfa80000,0x00000007bfe0eda0,0x00000007c0000000)
  to   space 6144K, 0% used [0x00000007bf400000,0x00000007bf400000,0x00000007bfa00000)
 ParOldGen       total 134656K, used 77080K [0x0000000700000000, 0x0000000708380000, 0x00000007bc400000)
  object space 134656K, 57% used [0x0000000700000000,0x0000000704b463c0,0x0000000708380000)
 Metaspace       used 65343K, capacity 65871K, committed 66560K, reserved 1105920K
  class space    used 9032K, capacity 9142K, committed 9216K, reserved 1048576K
Event: 8326.827 GC heap after
Heap after GC invocations=2073 (full 556):
 PSYoungGen      total 55296K, used 3767K [0x00000007bc400000, 0x00000007c0000000, 0x00000007c0000000)
  eden space 49152K, 0% used [0x00000007bc400000,0x00000007bc400000,0x00000007bf400000)
  from space 6144K, 61% used [0x00000007bf400000,0x00000007bf7addd0,0x00000007bfa00000)
  to   space 6144K, 0% used [0x00000007bfa00000,0x00000007bfa00000,0x00000007c0000000)
 ParOldGen       total 134656K, used 77080K [0x0000000700000000, 0x0000000708380000, 0x00000007bc400000)
  object space 134656K, 57% used [0x0000000700000000,0x0000000704b463c0,0x0000000708380000)
 Metaspace       used 65343K, capacity 65871K, committed 66560K, reserved 1105920K
  class space    used 9032K, capacity 9142K, committed 9216K, reserved 1048576K
}
Event: 8380.157 GC heap before
{Heap before GC invocations=2074 (full 556):
 PSYoungGen      total 55296K, used 52919K [0x00000007bc400000, 0x00000007c0000000, 0x00000007c0000000)
  eden space 49152K, 100% used [0x00000007bc400000,0x00000007bf400000,0x00000007bf400000)
  from space 6144K, 61% used [0x00000007bf400000,0x00000007bf7addd0,0x00000007bfa00000)
  to   space 6144K, 0% used [0x00000007bfa00000,0x00000007bfa00000,0x00000007c0000000)
 ParOldGen       total 134656K, used 77080K [0x0000000700000000, 0x0000000708380000, 0x00000007bc400000)
  object space 134656K, 57% used [0x0000000700000000,0x0000000704b463c0,0x0000000708380000)
 Metaspace       used 65371K, capacity 65935K, committed 66560K, reserved 1105920K
  class space    used 9038K, capacity 9142K, committed 9216K, reserved 1048576K
Event: 8380.163 GC heap after
Heap after GC invocations=2074 (full 556):
 PSYoungGen      total 54272K, used 4530K [0x00000007bc400000, 0x00000007c0000000, 0x00000007c0000000)
  eden space 48128K, 0% used [0x00000007bc400000,0x00000007bc400000,0x00000007bf300000)
  from space 6144K, 73% used [0x00000007bfa00000,0x00000007bfe6c978,0x00000007c0000000)
  to   space 6656K, 0% used [0x00000007bf300000,0x00000007bf300000,0x00000007bf980000)
 ParOldGen       total 134656K, used 77088K [0x0000000700000000, 0x0000000708380000, 0x00000007bc400000)
  object space 134656K, 57% used [0x0000000700000000,0x0000000704b483c0,0x0000000708380000)
 Metaspace       used 65371K, capacity 65935K, committed 66560K, reserved 1105920K
  class space    used 9038K, capacity 9142K, committed 9216K, reserved 1048576K
}
Event: 8428.335 GC heap before
{Heap before GC invocations=2075 (full 556):
 PSYoungGen      total 54272K, used 52658K [0x00000007bc400000, 0x00000007c0000000, 0x00000007c0000000)
  eden space 48128K, 100% used [0x00000007bc400000,0x00000007bf300000,0x00000007bf300000)
  from space 6144K, 73% used [0x00000007bfa00000,0x00000007bfe6c978,0x00000007c0000000)
  to   space 6656K, 0% used [0x00000007bf300000,0x00000007bf300000,0x00000007bf980000)
 ParOldGen       total 134656K, used 77088K [0x0000000700000000, 0x0000000708380000, 0x00000007bc400000)
  object space 134656K, 57% used [0x0000000700000000,0x0000000704b483c0,0x0000000708380000)
 Metaspace       used 65376K, capacity 65935K, committed 66560K, reserved 1105920K
  class space    used 9038K, capacity 9142K, committed 9216K, reserved 1048576K
Event: 8428.342 GC heap after
Heap after GC invocations=2075 (full 556):
 PSYoungGen      total 54784K, used 4118K [0x00000007bc400000, 0x00000007c0000000, 0x00000007c0000000)
  eden space 48128K, 0% used [0x00000007bc400000,0x00000007bc400000,0x00000007bf300000)
  from space 6656K, 61% used [0x00000007bf300000,0x00000007bf705aa0,0x00000007bf980000)
  to   space 6656K, 0% used [0x00000007bf980000,0x00000007bf980000,0x00000007c0000000)
 ParOldGen       total 134656K, used 77216K [0x0000000700000000, 0x0000000708380000, 0x00000007bc400000)
  object space 134656K, 57% used [0x0000000700000000,0x0000000704b680b8,0x0000000708380000)
 Metaspace       used 65376K, capacity 65935K, committed 66560K, reserved 1105920K
  class space    used 9038K, capacity 9142K, committed 9216K, reserved 1048576K
}
Event: 8480.632 GC heap before
{Heap before GC invocations=2076 (full 556):
 PSYoungGen      total 54784K, used 52246K [0x00000007bc400000, 0x00000007c0000000, 0x00000007c0000000)
  eden space 48128K, 100% used [0x00000007bc400000,0x00000007bf300000,0x00000007bf300000)
  from space 6656K, 61% used [0x00000007bf300000,0x00000007bf705aa0,0x00000007bf980000)
  to   space 6656K, 0% used [0x00000007bf980000,0x00000007bf980000,0x00000007c0000000)
 ParOldGen       total 134656K, used 77216K [0x0000000700000000, 0x0000000708380000, 0x00000007bc400000)
  object space 134656K, 57% used [0x0000000700000000,0x0000000704b680b8,0x0000000708380000)
 Metaspace       used 65376K, capacity 65935K, committed 66560K, reserved 1105920K
  class space    used 9038K, capacity 9142K, committed 9216K, reserved 1048576K
Event: 8480.636 GC heap after
Heap after GC invocations=2076 (full 556):
 PSYoungGen      total 54784K, used 4398K [0x00000007bc400000, 0x00000007c0000000, 0x00000007c0000000)
  eden space 48128K, 0% used [0x00000007bc400000,0x00000007bc400000,0x00000007bf300000)
  from space 6656K, 66% used [0x00000007bf980000,0x00000007bfdcba18,0x00000007c0000000)
  to   space 6656K, 0% used [0x00000007bf300000,0x00000007bf300000,0x00000007bf980000)
 ParOldGen       total 134656K, used 77264K [0x0000000700000000, 0x0000000708380000, 0x00000007bc400000)
  object space 134656K, 57% used [0x0000000700000000,0x0000000704b740b8,0x0000000708380000)
 Metaspace       used 65376K, capacity 65935K, committed 66560K, reserved 1105920K
  class space    used 9038K, capacity 9142K, committed 9216K, reserved 1048576K
}
Event: 8569.541 GC heap before
{Heap before GC invocations=2077 (full 556):
 PSYoungGen      total 54784K, used 52519K [0x00000007bc400000, 0x00000007c0000000, 0x00000007c0000000)
  eden space 48128K, 99% used [0x00000007bc400000,0x00000007bf2fe3c8,0x00000007bf300000)
  from space 6656K, 66% used [0x00000007bf980000,0x00000007bfdcba18,0x00000007c0000000)
  to   space 6656K, 0% used [0x00000007bf300000,0x00000007bf300000,0x00000007bf980000)
 ParOldGen       total 134656K, used 77264K [0x0000000700000000, 0x0000000708380000, 0x00000007bc400000)
  object space 134656K, 57% used [0x0000000700000000,0x0000000704b740b8,0x0000000708380000)
 Metaspace       used 65485K, capacity 65999K, committed 66560K, reserved 1105920K
  class space    used 9042K, capacity 9142K, committed 9216K, reserved 1048576K
Event: 8569.547 GC heap after
Heap after GC invocations=2077 (full 556):
 PSYoungGen      total 52736K, used 4645K [0x00000007bc400000, 0x00000007c0000000, 0x00000007c0000000)
  eden space 47616K, 0% used [0x00000007bc400000,0x00000007bc400000,0x00000007bf280000)
  from space 5120K, 90% used [0x00000007bf300000,0x00000007bf7895c0,0x00000007bf800000)
  to   space 7168K, 0% used [0x00000007bf900000,0x00000007bf900000,0x00000007c0000000)
 ParOldGen       total 134656K, used 77328K [0x0000000700000000, 0x0000000708380000, 0x00000007bc400000)
  object space 134656K, 57% used [0x0000000700000000,0x0000000704b840b8,0x0000000708380000)
 Metaspace       used 65485K, capacity 65999K, committed 66560K, reserved 1105920K
  class space    used 9042K, capacity 9142K, committed 9216K, reserved 1048576K
}

